Asheghetam/Asheghetam/proguard.cfg
-optimizationpasses 5
-dontusemixedcaseclassnames
-dontskipnonpubliclibraryclasses
-dontpreverify
-verbose
-optimizations !code/simplification/arithmetic,!field/*,!class/merging/*
-dontwarn android.support.v4.**
-dontwarn com.etsy.android.grid.**

-keep class * implements android.os.Parcelable {
  public static final android.os.Parcelable$Creator *;
}