Asheghetam/Asheghetam/proguard/seeds.txt
android.support.v4.app.BackStackState
android.support.v4.app.BackStackState: android.os.Parcelable$Creator CREATOR
android.support.v4.app.Fragment$SavedState
android.support.v4.app.Fragment$SavedState: android.os.Parcelable$Creator CREATOR
android.support.v4.app.FragmentManagerState
android.support.v4.app.FragmentManagerState: android.os.Parcelable$Creator CREATOR
android.support.v4.app.FragmentState
android.support.v4.app.FragmentState: android.os.Parcelable$Creator CREATOR
android.support.v4.app.FragmentTabHost$SavedState
android.support.v4.app.FragmentTabHost$SavedState: android.os.Parcelable$Creator CREATOR
android.support.v4.view.ViewPager$SavedState
android.support.v4.view.ViewPager$SavedState: android.os.Parcelable$Creator CREATOR
android.support.v4.widget.DrawerLayout$SavedState
android.support.v4.widget.DrawerLayout$SavedState: android.os.Parcelable$Creator CREATOR
android.support.v4.widget.SlidingPaneLayout$SavedState
android.support.v4.widget.SlidingPaneLayout$SavedState: android.os.Parcelable$Creator CREATOR
asheghetam.app.Picture_Detail
asheghetam.app.Picture_Detail: Picture_Detail()
asheghetam.app.main_list
asheghetam.app.main_list: main_list()
asheghetam.widgets.AspectImageView
asheghetam.widgets.AspectImageView: AspectImageView(android.content.Context)
asheghetam.widgets.AspectImageView: AspectImageView(android.content.Context,android.util.AttributeSet)
asheghetam.widgets.AspectImageView: AspectImageView(android.content.Context,android.util.AttributeSet,int)
at.markushi.ui.CircleButton
at.markushi.ui.CircleButton: CircleButton(android.content.Context)
at.markushi.ui.CircleButton: CircleButton(android.content.Context,android.util.AttributeSet)
at.markushi.ui.CircleButton: CircleButton(android.content.Context,android.util.AttributeSet,int)
com.capricorn.ArcLayout
com.capricorn.ArcLayout: ArcLayout(android.content.Context)
com.capricorn.ArcLayout: ArcLayout(android.content.Context,android.util.AttributeSet)
com.capricorn.ArcMenu
com.capricorn.ArcMenu: ArcMenu(android.content.Context)
com.capricorn.ArcMenu: ArcMenu(android.content.Context,android.util.AttributeSet)
com.etsy.android.grid.ClassLoaderSavedState
com.etsy.android.grid.ClassLoaderSavedState: android.os.Parcelable$Creator CREATOR
com.etsy.android.grid.ClassLoaderSavedState$1
com.etsy.android.grid.ExtendableListView: ExtendableListView(android.content.Context,android.util.AttributeSet,int)
com.etsy.android.grid.ExtendableListView$ListSavedState
com.etsy.android.grid.ExtendableListView$ListSavedState: android.os.Parcelable$Creator CREATOR
com.etsy.android.grid.StaggeredGridView
com.etsy.android.grid.StaggeredGridView: StaggeredGridView(android.content.Context)
com.etsy.android.grid.StaggeredGridView: StaggeredGridView(android.content.Context,android.util.AttributeSet)
com.etsy.android.grid.StaggeredGridView: StaggeredGridView(android.content.Context,android.util.AttributeSet,int)
com.etsy.android.grid.StaggeredGridView$GridItemRecord
com.etsy.android.grid.StaggeredGridView$GridItemRecord: android.os.Parcelable$Creator CREATOR
com.etsy.android.grid.StaggeredGridView$GridListSavedState
com.etsy.android.grid.StaggeredGridView$GridListSavedState: android.os.Parcelable$Creator CREATOR