Asheghetam/Asheghetam/proguard/mapping.txt
com.etsy.android.grid.HeaderViewListAdapter -> com.etsy.android.grid.m:
    android.widget.ListAdapter mAdapter -> e
    java.util.ArrayList mHeaderViewInfos -> a
    java.util.ArrayList mFooterViewInfos -> b
    java.util.ArrayList EMPTY_INFO_LIST -> c
    boolean mAreAllFixedViewsSelectable -> d
    boolean mIsFilterable -> f
    boolean isEmpty() -> isEmpty
    boolean areAllListInfosSelectable(java.util.ArrayList) -> a
    int getCount() -> getCount
    boolean areAllItemsEnabled() -> areAllItemsEnabled
    boolean isEnabled(int) -> isEnabled
    java.lang.Object getItem(int) -> getItem
    long getItemId(int) -> getItemId
    boolean hasStableIds() -> hasStableIds
    android.view.View getView(int,android.view.View,android.view.ViewGroup) -> getView
    int getItemViewType(int) -> getItemViewType
    int getViewTypeCount() -> getViewTypeCount
    void registerDataSetObserver(android.database.DataSetObserver) -> registerDataSetObserver
    void unregisterDataSetObserver(android.database.DataSetObserver) -> unregisterDataSetObserver
    android.widget.Filter getFilter() -> getFilter
    android.widget.ListAdapter getWrappedAdapter() -> getWrappedAdapter
com.etsy.android.grid.StaggeredGridView -> com.etsy.android.grid.StaggeredGridView:
    int mColumnCount -> j
    int mItemMargin -> k
    int mColumnWidth -> l
    boolean mNeedSync -> m
    int mColumnCountPortrait -> n
    int mColumnCountLandscape -> o
    android.util.SparseArray mPositionData -> p
    int mGridPaddingLeft -> q
    int mGridPaddingRight -> r
    int mGridPaddingTop -> s
    int mGridPaddingBottom -> t
    int[] mColumnTops -> u
    int[] mColumnBottoms -> v
    int[] mColumnLefts -> w
    int mDistanceToTop -> x
    int getRowPaddingLeft() -> j
    boolean isLandscape() -> k
    void onMeasure(int,int) -> onMeasure
    void onMeasureChild(android.view.View,com.etsy.android.grid.ExtendableListView$LayoutParams) -> a
    void resetToTop() -> c
    void onChildCreated(int,boolean) -> a
    void layoutChildren() -> layoutChildren
    void onLayoutChild(android.view.View,int,boolean,int,int,int,int) -> a
    void onOffsetChild(android.view.View,int,boolean,int,int) -> a
    int getChildTopMargin(int) -> h
    com.etsy.android.grid.ExtendableListView$LayoutParams generateChildLayoutParams(android.view.View) -> a
    void updateColumnTopIfNeeded(int,int) -> c
    void updateColumnBottomIfNeeded(int,int) -> d
    int getChildLeft(int) -> a
    int getChildTop(int) -> b
    int getNextChildDownsTop(int) -> d
    int getChildBottom(int) -> c
    int getNextChildUpsBottom(int) -> e
    int getLastChildBottom() -> g
    int getFirstChildTop() -> e
com.etsy.android.grid.StaggeredGridView$GridItemRecord -> com.etsy.android.grid.StaggeredGridView$GridItemRecord:
    int column -> a
    double heightRatio -> b
    boolean isHeaderFooter -> c
    android.os.Parcelable$Creator CREATOR -> CREATOR
    int describeContents() -> describeContents
    void writeToParcel(android.os.Parcel,int) -> writeToParcel
    java.lang.String toString() -> toString
com.etsy.android.grid.StaggeredGridView$GridItemRecord$1 -> com.etsy.android.grid.n:
    java.lang.Object createFromParcel(android.os.Parcel) -> createFromParcel
    java.lang.Object[] newArray(int) -> newArray
com.etsy.android.grid.StaggeredGridView$GridLayoutParams -> com.etsy.android.grid.o:
    int column -> e
    void enforceStaggeredLayout() -> a
com.etsy.android.grid.StaggeredGridView$GridListSavedState -> com.etsy.android.grid.StaggeredGridView$GridListSavedState:
    int columnCount -> g
    int[] columnTops -> h
    android.util.SparseArray positionData -> i
    android.os.Parcelable$Creator CREATOR -> CREATOR
    void writeToParcel(android.os.Parcel,int) -> writeToParcel
    java.lang.String toString() -> toString